CRITICAL - 2023-11-16 19:00:20 --> Undefined variable $menu
in APPPATH\Views\pageskaryawan\Menu.php on line 29.
 1 APPPATH\Views\pageskaryawan\Menu.php(29): CodeIgniter\Debug\Exceptions->errorHandler(2, 'Undefined variable $menu', 'C:\\xampp\\htdocs\\proyekif2\\app\\Views\\pageskaryawan\\Menu.php', 29)
 2 SYSTEMPATH\View\View.php(228): include('C:\\xampp\\htdocs\\proyekif2\\app\\Views\\pageskaryawan\\Menu.php')
 3 SYSTEMPATH\View\View.php(231): CodeIgniter\View\View->CodeIgniter\View\{closure}()
 4 SYSTEMPATH\Common.php(1190): CodeIgniter\View\View->render('pageskaryawan/menu', [], true)
 5 APPPATH\Controllers\Pages_karyawan.php(15): view('pageskaryawan/menu', [...])
 6 SYSTEMPATH\CodeIgniter.php(942): App\Controllers\Pages_karyawan->menu()
 7 SYSTEMPATH\CodeIgniter.php(502): CodeIgniter\CodeIgniter->runController(Object(App\Controllers\Pages_karyawan))
 8 SYSTEMPATH\CodeIgniter.php(361): CodeIgniter\CodeIgniter->handleRequest(null, Object(Config\Cache), false)
 9 FCPATH\index.php(79): CodeIgniter\CodeIgniter->run()
10 SYSTEMPATH\Commands\Server\rewrite.php(47): require_once('C:\\xampp\\htdocs\\proyekif2\\public\\index.php')
CRITICAL - 2023-11-16 19:00:45 --> Undefined variable $menu
in APPPATH\Views\pageskaryawan\Menu.php on line 29.
 1 APPPATH\Views\pageskaryawan\Menu.php(29): CodeIgniter\Debug\Exceptions->errorHandler(2, 'Undefined variable $menu', 'C:\\xampp\\htdocs\\proyekif2\\app\\Views\\pageskaryawan\\Menu.php', 29)
 2 SYSTEMPATH\View\View.php(228): include('C:\\xampp\\htdocs\\proyekif2\\app\\Views\\pageskaryawan\\Menu.php')
 3 SYSTEMPATH\View\View.php(231): CodeIgniter\View\View->CodeIgniter\View\{closure}()
 4 SYSTEMPATH\Common.php(1190): CodeIgniter\View\View->render('pageskaryawan/menu', [], true)
 5 APPPATH\Controllers\Pages_karyawan.php(15): view('pageskaryawan/menu', [...])
 6 SYSTEMPATH\CodeIgniter.php(942): App\Controllers\Pages_karyawan->menu()
 7 SYSTEMPATH\CodeIgniter.php(502): CodeIgniter\CodeIgniter->runController(Object(App\Controllers\Pages_karyawan))
 8 SYSTEMPATH\CodeIgniter.php(361): CodeIgniter\CodeIgniter->handleRequest(null, Object(Config\Cache), false)
 9 FCPATH\index.php(79): CodeIgniter\CodeIgniter->run()
10 SYSTEMPATH\Commands\Server\rewrite.php(47): require_once('C:\\xampp\\htdocs\\proyekif2\\public\\index.php')
CRITICAL - 2023-11-16 19:31:20 --> Undefined variable $pelanggan
in APPPATH\Views\pageskaryawan\Pelanggan.php on line 20.
 1 APPPATH\Views\pageskaryawan\Pelanggan.php(20): CodeIgniter\Debug\Exceptions->errorHandler(2, 'Undefined variable $pelanggan', 'C:\\xampp\\htdocs\\proyekif2\\app\\Views\\pageskaryawan\\Pelanggan.php', 20)
 2 SYSTEMPATH\View\View.php(228): include('C:\\xampp\\htdocs\\proyekif2\\app\\Views\\pageskaryawan\\Pelanggan.php')
 3 SYSTEMPATH\View\View.php(231): CodeIgniter\View\View->CodeIgniter\View\{closure}()
 4 SYSTEMPATH\Common.php(1190): CodeIgniter\View\View->render('pageskaryawan/pelanggan', [], true)
 5 APPPATH\Controllers\Pages_karyawan.php(31): view('pageskaryawan/pelanggan', [...])
 6 SYSTEMPATH\CodeIgniter.php(942): App\Controllers\Pages_karyawan->pelanggan()
 7 SYSTEMPATH\CodeIgniter.php(502): CodeIgniter\CodeIgniter->runController(Object(App\Controllers\Pages_karyawan))
 8 SYSTEMPATH\CodeIgniter.php(361): CodeIgniter\CodeIgniter->handleRequest(null, Object(Config\Cache), false)
 9 FCPATH\index.php(79): CodeIgniter\CodeIgniter->run()
10 SYSTEMPATH\Commands\Server\rewrite.php(47): require_once('C:\\xampp\\htdocs\\proyekif2\\public\\index.php')
CRITICAL - 2023-11-16 19:31:53 --> Undefined variable $key
in APPPATH\Views\pageskaryawan\Pelanggan.php on line 21.
 1 APPPATH\Views\pageskaryawan\Pelanggan.php(21): CodeIgniter\Debug\Exceptions->errorHandler(2, 'Undefined variable $key', 'C:\\xampp\\htdocs\\proyekif2\\app\\Views\\pageskaryawan\\Pelanggan.php', 21)
 2 SYSTEMPATH\View\View.php(228): include('C:\\xampp\\htdocs\\proyekif2\\app\\Views\\pageskaryawan\\Pelanggan.php')
 3 SYSTEMPATH\View\View.php(231): CodeIgniter\View\View->CodeIgniter\View\{closure}()
 4 SYSTEMPATH\Common.php(1190): CodeIgniter\View\View->render('pageskaryawan/pelanggan', [], true)
 5 APPPATH\Controllers\Pages_karyawan.php(31): view('pageskaryawan/pelanggan', [...])
 6 SYSTEMPATH\CodeIgniter.php(942): App\Controllers\Pages_karyawan->pelanggan()
 7 SYSTEMPATH\CodeIgniter.php(502): CodeIgniter\CodeIgniter->runController(Object(App\Controllers\Pages_karyawan))
 8 SYSTEMPATH\CodeIgniter.php(361): CodeIgniter\CodeIgniter->handleRequest(null, Object(Config\Cache), false)
 9 FCPATH\index.php(79): CodeIgniter\CodeIgniter->run()
10 SYSTEMPATH\Commands\Server\rewrite.php(47): require_once('C:\\xampp\\htdocs\\proyekif2\\public\\index.php')
CRITICAL - 2023-11-16 19:31:55 --> Undefined variable $key
in APPPATH\Views\pageskaryawan\Pelanggan.php on line 21.
 1 APPPATH\Views\pageskaryawan\Pelanggan.php(21): CodeIgniter\Debug\Exceptions->errorHandler(2, 'Undefined variable $key', 'C:\\xampp\\htdocs\\proyekif2\\app\\Views\\pageskaryawan\\Pelanggan.php', 21)
 2 SYSTEMPATH\View\View.php(228): include('C:\\xampp\\htdocs\\proyekif2\\app\\Views\\pageskaryawan\\Pelanggan.php')
 3 SYSTEMPATH\View\View.php(231): CodeIgniter\View\View->CodeIgniter\View\{closure}()
 4 SYSTEMPATH\Common.php(1190): CodeIgniter\View\View->render('pageskaryawan/pelanggan', [], true)
 5 APPPATH\Controllers\Pages_karyawan.php(31): view('pageskaryawan/pelanggan', [...])
 6 SYSTEMPATH\CodeIgniter.php(942): App\Controllers\Pages_karyawan->pelanggan()
 7 SYSTEMPATH\CodeIgniter.php(502): CodeIgniter\CodeIgniter->runController(Object(App\Controllers\Pages_karyawan))
 8 SYSTEMPATH\CodeIgniter.php(361): CodeIgniter\CodeIgniter->handleRequest(null, Object(Config\Cache), false)
 9 FCPATH\index.php(79): CodeIgniter\CodeIgniter->run()
10 SYSTEMPATH\Commands\Server\rewrite.php(47): require_once('C:\\xampp\\htdocs\\proyekif2\\public\\index.php')
CRITICAL - 2023-11-16 19:31:55 --> Undefined variable $key
in APPPATH\Views\pageskaryawan\Pelanggan.php on line 21.
 1 APPPATH\Views\pageskaryawan\Pelanggan.php(21): CodeIgniter\Debug\Exceptions->errorHandler(2, 'Undefined variable $key', 'C:\\xampp\\htdocs\\proyekif2\\app\\Views\\pageskaryawan\\Pelanggan.php', 21)
 2 SYSTEMPATH\View\View.php(228): include('C:\\xampp\\htdocs\\proyekif2\\app\\Views\\pageskaryawan\\Pelanggan.php')
 3 SYSTEMPATH\View\View.php(231): CodeIgniter\View\View->CodeIgniter\View\{closure}()
 4 SYSTEMPATH\Common.php(1190): CodeIgniter\View\View->render('pageskaryawan/pelanggan', [], true)
 5 APPPATH\Controllers\Pages_karyawan.php(31): view('pageskaryawan/pelanggan', [...])
 6 SYSTEMPATH\CodeIgniter.php(942): App\Controllers\Pages_karyawan->pelanggan()
 7 SYSTEMPATH\CodeIgniter.php(502): CodeIgniter\CodeIgniter->runController(Object(App\Controllers\Pages_karyawan))
 8 SYSTEMPATH\CodeIgniter.php(361): CodeIgniter\CodeIgniter->handleRequest(null, Object(Config\Cache), false)
 9 FCPATH\index.php(79): CodeIgniter\CodeIgniter->run()
10 SYSTEMPATH\Commands\Server\rewrite.php(47): require_once('C:\\xampp\\htdocs\\proyekif2\\public\\index.php')
CRITICAL - 2023-11-16 19:31:55 --> Undefined variable $key
in APPPATH\Views\pageskaryawan\Pelanggan.php on line 21.
 1 APPPATH\Views\pageskaryawan\Pelanggan.php(21): CodeIgniter\Debug\Exceptions->errorHandler(2, 'Undefined variable $key', 'C:\\xampp\\htdocs\\proyekif2\\app\\Views\\pageskaryawan\\Pelanggan.php', 21)
 2 SYSTEMPATH\View\View.php(228): include('C:\\xampp\\htdocs\\proyekif2\\app\\Views\\pageskaryawan\\Pelanggan.php')
 3 SYSTEMPATH\View\View.php(231): CodeIgniter\View\View->CodeIgniter\View\{closure}()
 4 SYSTEMPATH\Common.php(1190): CodeIgniter\View\View->render('pageskaryawan/pelanggan', [], true)
 5 APPPATH\Controllers\Pages_karyawan.php(31): view('pageskaryawan/pelanggan', [...])
 6 SYSTEMPATH\CodeIgniter.php(942): App\Controllers\Pages_karyawan->pelanggan()
 7 SYSTEMPATH\CodeIgniter.php(502): CodeIgniter\CodeIgniter->runController(Object(App\Controllers\Pages_karyawan))
 8 SYSTEMPATH\CodeIgniter.php(361): CodeIgniter\CodeIgniter->handleRequest(null, Object(Config\Cache), false)
 9 FCPATH\index.php(79): CodeIgniter\CodeIgniter->run()
10 SYSTEMPATH\Commands\Server\rewrite.php(47): require_once('C:\\xampp\\htdocs\\proyekif2\\public\\index.php')
CRITICAL - 2023-11-16 19:32:36 --> Undefined variable $p
in APPPATH\Views\pageskaryawan\Pelanggan.php on line 21.
 1 APPPATH\Views\pageskaryawan\Pelanggan.php(21): CodeIgniter\Debug\Exceptions->errorHandler(2, 'Undefined variable $p', 'C:\\xampp\\htdocs\\proyekif2\\app\\Views\\pageskaryawan\\Pelanggan.php', 21)
 2 SYSTEMPATH\View\View.php(228): include('C:\\xampp\\htdocs\\proyekif2\\app\\Views\\pageskaryawan\\Pelanggan.php')
 3 SYSTEMPATH\View\View.php(231): CodeIgniter\View\View->CodeIgniter\View\{closure}()
 4 SYSTEMPATH\Common.php(1190): CodeIgniter\View\View->render('pageskaryawan/pelanggan', [], true)
 5 APPPATH\Controllers\Pages_karyawan.php(31): view('pageskaryawan/pelanggan', [...])
 6 SYSTEMPATH\CodeIgniter.php(942): App\Controllers\Pages_karyawan->pelanggan()
 7 SYSTEMPATH\CodeIgniter.php(502): CodeIgniter\CodeIgniter->runController(Object(App\Controllers\Pages_karyawan))
 8 SYSTEMPATH\CodeIgniter.php(361): CodeIgniter\CodeIgniter->handleRequest(null, Object(Config\Cache), false)
 9 FCPATH\index.php(79): CodeIgniter\CodeIgniter->run()
10 SYSTEMPATH\Commands\Server\rewrite.php(47): require_once('C:\\xampp\\htdocs\\proyekif2\\public\\index.php')
CRITICAL - 2023-11-16 19:35:01 --> Invalid file: "pages/menupelanggan.php"
in SYSTEMPATH\Exceptions\FrameworkException.php on line 39.
 1 SYSTEMPATH\View\View.php(216): CodeIgniter\Exceptions\FrameworkException::forInvalidFile('pages/menupelanggan.php')
 2 SYSTEMPATH\Common.php(1190): CodeIgniter\View\View->render('pages/menupelanggan', [], true)
 3 APPPATH\Controllers\Pages.php(50): view('pages/menupelanggan', [...])
 4 SYSTEMPATH\CodeIgniter.php(942): App\Controllers\Pages->menupelanggan()
 5 SYSTEMPATH\CodeIgniter.php(502): CodeIgniter\CodeIgniter->runController(Object(App\Controllers\Pages))
 6 SYSTEMPATH\CodeIgniter.php(361): CodeIgniter\CodeIgniter->handleRequest(null, Object(Config\Cache), false)
 7 FCPATH\index.php(79): CodeIgniter\CodeIgniter->run()
 8 SYSTEMPATH\Commands\Server\rewrite.php(47): require_once('C:\\xampp\\htdocs\\proyekif2\\public\\index.php')
CRITICAL - 2023-11-16 19:43:28 --> Invalid file: "pages/menupelanggan.php"
in SYSTEMPATH\Exceptions\FrameworkException.php on line 39.
 1 SYSTEMPATH\View\View.php(216): CodeIgniter\Exceptions\FrameworkException::forInvalidFile('pages/menupelanggan.php')
 2 SYSTEMPATH\Common.php(1190): CodeIgniter\View\View->render('pages/menupelanggan', [], true)
 3 APPPATH\Controllers\Pages.php(50): view('pages/menupelanggan', [...])
 4 SYSTEMPATH\CodeIgniter.php(942): App\Controllers\Pages->menupelanggan()
 5 SYSTEMPATH\CodeIgniter.php(502): CodeIgniter\CodeIgniter->runController(Object(App\Controllers\Pages))
 6 SYSTEMPATH\CodeIgniter.php(361): CodeIgniter\CodeIgniter->handleRequest(null, Object(Config\Cache), false)
 7 FCPATH\index.php(79): CodeIgniter\CodeIgniter->run()
 8 SYSTEMPATH\Commands\Server\rewrite.php(47): require_once('C:\\xampp\\htdocs\\proyekif2\\public\\index.php')
