CRITICAL - 2023-10-25 18:16:29 --> syntax error, unexpected end of file
in APPPATH\Config\Routes.php on line 11.
 1 SYSTEMPATH\CLI\Console.php(39): CodeIgniter\Router\RouteCollection->loadRoutes()
 2 ROOTPATH\spark(102): CodeIgniter\CLI\Console->run()
CRITICAL - 2023-10-25 18:16:39 --> syntax error, unexpected end of file
in APPPATH\Config\Routes.php on line 11.
 1 SYSTEMPATH\CLI\Console.php(39): CodeIgniter\Router\RouteCollection->loadRoutes()
 2 ROOTPATH\spark(102): CodeIgniter\CLI\Console->run()
CRITICAL - 2023-10-25 18:24:12 --> Invalid file: "komik.index"
in SYSTEMPATH\Exceptions\FrameworkException.php on line 39.
 1 SYSTEMPATH\View\View.php(216): CodeIgniter\Exceptions\FrameworkException::forInvalidFile('komik.index')
 2 SYSTEMPATH\Common.php(1190): CodeIgniter\View\View->render('komik.index', [], true)
 3 APPPATH\Controllers\KomikController.php(9): view('komik.index')
 4 SYSTEMPATH\CodeIgniter.php(942): App\Controllers\KomikController->index()
 5 SYSTEMPATH\CodeIgniter.php(502): CodeIgniter\CodeIgniter->runController(Object(App\Controllers\KomikController))
 6 SYSTEMPATH\CodeIgniter.php(361): CodeIgniter\CodeIgniter->handleRequest(null, Object(Config\Cache), false)
 7 FCPATH\index.php(79): CodeIgniter\CodeIgniter->run()
 8 SYSTEMPATH\Commands\Server\rewrite.php(47): require_once('C:\\xampp\\htdocs\\proyekif\\public\\index.php')
CRITICAL - 2023-10-25 18:25:58 --> Undefined variable $title
in APPPATH\Views\layout\template.php on line 13.
 1 APPPATH\Views\layout\template.php(13): CodeIgniter\Debug\Exceptions->errorHandler(2, 'Undefined variable $title', 'C:\\xampp\\htdocs\\proyekif\\app\\Views\\layout\\template.php', 13)
 2 SYSTEMPATH\View\View.php(228): include('C:\\xampp\\htdocs\\proyekif\\app\\Views\\layout\\template.php')
 3 SYSTEMPATH\View\View.php(231): CodeIgniter\View\View->CodeIgniter\View\{closure}()
 4 SYSTEMPATH\View\View.php(244): CodeIgniter\View\View->render('layout/template', [], true)
 5 SYSTEMPATH\Common.php(1190): CodeIgniter\View\View->render('komik/index', [], true)
 6 APPPATH\Controllers\KomikController.php(9): view('komik/index')
 7 SYSTEMPATH\CodeIgniter.php(942): App\Controllers\KomikController->index()
 8 SYSTEMPATH\CodeIgniter.php(502): CodeIgniter\CodeIgniter->runController(Object(App\Controllers\KomikController))
 9 SYSTEMPATH\CodeIgniter.php(361): CodeIgniter\CodeIgniter->handleRequest(null, Object(Config\Cache), false)
10 FCPATH\index.php(79): CodeIgniter\CodeIgniter->run()
11 SYSTEMPATH\Commands\Server\rewrite.php(47): require_once('C:\\xampp\\htdocs\\proyekif\\public\\index.php')
